<?xml version="1.0" encoding="UTF-8"?>
<testsuites>
  <testsuite name="Hurt Me Plenty" timestamp="2022-08-31T14:59:39" time="3.954" tests="2" failures="1" errors="1" skipped="1">
    <properties>
      <property name="specId" value="0"/>
      <property name="suiteName" value="Hurt Me Plenty"/>
      <property name="capabilities" value="firefox.104_0_1.windows"/>
      <property name="file" value=".\test\specs\smoke.spec.js"/>
    </properties>
    <testcase classname="firefox.104_0_1.windows.Hurt_Me_Plenty" name="should matches amount received when passing the test manually" time="3.952">
      <failure/>
      <error message="Element &lt;input class=&quot;devsite-search-field devsite-search-query&quot; name=&quot;q&quot; type=&quot;text&quot;> could not be scrolled into view"/>
      <system-out><![CDATA[
RESULT: {}
COMMAND: POST /session/4d4b96e8-1049-44cd-9b1b-edcff1996a77/url - {"url":"https://cloud.google.com/"}
RESULT: {"url":"https://cloud.google.com/"}
COMMAND: POST /session/4d4b96e8-1049-44cd-9b1b-edcff1996a77/element - {"using":"css selector","value":".devsite-header--inner"}
RESULT: {"using":"css selector","value":".devsite-header--inner"}
COMMAND: POST /session/4d4b96e8-1049-44cd-9b1b-edcff1996a77/element/3733ac68-5b2d-4721-a218-561c64453107/element - {"using":"css selector","value":".devsite-search-field"}
RESULT: {"using":"css selector","value":".devsite-search-field"}
COMMAND: POST /session/4d4b96e8-1049-44cd-9b1b-edcff1996a77/element/174522b2-6510-4726-acbf-8fa5ecfbeec5/clear - {}
COMMAND: GET /session/4d4b96e8-1049-44cd-9b1b-edcff1996a77/screenshot - {}
RESULT: {}
]]></system-out>
      <system-err><![CDATA[
element not interactable: Element <input class="devsite-search-field devsite-search-query" name="q" type="text"> could not be scrolled into view
    at getErrorFromResponseBody (E:\eLearn\Automated-Testing-Basics-in-JavaScript-2.0-Stage-2\Framework-Practical-task\node_modules\webdriver\build\utils.js:198:12)
    at NodeJSRequest._request (E:\eLearn\Automated-Testing-Basics-in-JavaScript-2.0-Stage-2\Framework-Practical-task\node_modules\webdriver\build\request\index.js:166:60)
    at processTicksAndRejections (node:internal/process/task_queues:96:5)
    at async Element.wrapCommandFn (E:\eLearn\Automated-Testing-Basics-in-JavaScript-2.0-Stage-2\Framework-Practical-task\node_modules\@wdio\utils\build\shim.js:137:29)
    at async Element.wrapCommandFn (E:\eLearn\Automated-Testing-Basics-in-JavaScript-2.0-Stage-2\Framework-Practical-task\node_modules\@wdio\utils\build\shim.js:137:29)
    at async Element.elementErrorHandlerCallbackFn (E:\eLearn\Automated-Testing-Basics-in-JavaScript-2.0-Stage-2\Framework-Practical-task\node_modules\webdriverio\build\middlewares.js:24:32)
    at async Element.wrapCommandFn (E:\eLearn\Automated-Testing-Basics-in-JavaScript-2.0-Stage-2\Framework-Practical-task\node_modules\@wdio\utils\build\shim.js:137:29)
    at async Element.wrapCommandFn (E:\eLearn\Automated-Testing-Basics-in-JavaScript-2.0-Stage-2\Framework-Practical-task\node_modules\@wdio\utils\build\shim.js:137:29)
    at async Element.elementErrorHandlerCallbackFn (E:\eLearn\Automated-Testing-Basics-in-JavaScript-2.0-Stage-2\Framework-Practical-task\node_modules\webdriverio\build\middlewares.js:24:32)
    at async Element.wrapCommandFn (E:\eLearn\Automated-Testing-Basics-in-JavaScript-2.0-Stage-2\Framework-Practical-task\node_modules\@wdio\utils\build\shim.js:137:29)
]]></system-err>
    </testcase>
    <testcase classname="firefox.104_0_1.windows.Hurt_Me_Plenty" name="should matches amount received when passing the test manually" time="0">
      <skipped/>
      <system-out><![CDATA[
COMMAND: DELETE /session/4d4b96e8-1049-44cd-9b1b-edcff1996a77 - {}
RESULT: {}
]]></system-out>
    </testcase>
  </testsuite>
</testsuites>