<?xml version="1.0" encoding="UTF-8"?>
<testsuites>
  <testsuite name="Hurt Me Plenty" timestamp="2022-08-31T11:58:50" time="4.902" tests="1" failures="1" errors="1" skipped="0">
    <properties>
      <property name="specId" value="0"/>
      <property name="suiteName" value="Hurt Me Plenty"/>
      <property name="capabilities" value="firefox.104_0.windows"/>
      <property name="file" value=".\test\specs\e2e.spec.js"/>
    </properties>
    <testcase classname="firefox.104_0.windows.Hurt_Me_Plenty" name="before all hook for Hurt Me Plenty" time="4.9">
      <failure/>
      <error message="Element &lt;input class=&quot;devsite-search-field devsite-search-query&quot; name=&quot;q&quot; type=&quot;text&quot;> could not be scrolled into view"/>
      <system-err><![CDATA[
element not interactable: Element <input class="devsite-search-field devsite-search-query" name="q" type="text"> could not be scrolled into view
    at getErrorFromResponseBody (E:\eLearn\Automated-Testing-Basics-in-JavaScript-2.0-Stage-2\Framework-Practical-task\node_modules\webdriver\build\utils.js:198:12)
    at NodeJSRequest._request (E:\eLearn\Automated-Testing-Basics-in-JavaScript-2.0-Stage-2\Framework-Practical-task\node_modules\webdriver\build\request\index.js:166:60)
    at processTicksAndRejections (node:internal/process/task_queues:96:5)
    at async Element.wrapCommandFn (E:\eLearn\Automated-Testing-Basics-in-JavaScript-2.0-Stage-2\Framework-Practical-task\node_modules\@wdio\utils\build\shim.js:137:29)
    at async Element.wrapCommandFn (E:\eLearn\Automated-Testing-Basics-in-JavaScript-2.0-Stage-2\Framework-Practical-task\node_modules\@wdio\utils\build\shim.js:137:29)
    at async Element.elementErrorHandlerCallbackFn (E:\eLearn\Automated-Testing-Basics-in-JavaScript-2.0-Stage-2\Framework-Practical-task\node_modules\webdriverio\build\middlewares.js:24:32)
    at async Element.wrapCommandFn (E:\eLearn\Automated-Testing-Basics-in-JavaScript-2.0-Stage-2\Framework-Practical-task\node_modules\@wdio\utils\build\shim.js:137:29)
    at async Element.wrapCommandFn (E:\eLearn\Automated-Testing-Basics-in-JavaScript-2.0-Stage-2\Framework-Practical-task\node_modules\@wdio\utils\build\shim.js:137:29)
    at async Element.elementErrorHandlerCallbackFn (E:\eLearn\Automated-Testing-Basics-in-JavaScript-2.0-Stage-2\Framework-Practical-task\node_modules\webdriverio\build\middlewares.js:24:32)
    at async Element.wrapCommandFn (E:\eLearn\Automated-Testing-Basics-in-JavaScript-2.0-Stage-2\Framework-Practical-task\node_modules\@wdio\utils\build\shim.js:137:29)
]]></system-err>
    </testcase>
  </testsuite>
</testsuites>