<?xml version="1.0" encoding="UTF-8"?>
<testsuites>
  <testsuite name="Hurt Me Plenty" timestamp="2022-09-01T14:32:25" time="12.341" tests="1" failures="1" errors="1" skipped="0">
    <properties>
      <property name="specId" value="0"/>
      <property name="suiteName" value="Hurt Me Plenty"/>
      <property name="capabilities" value="firefox.104_0_1.windows"/>
      <property name="file" value=".\test\specs\e2e.spec.js"/>
    </properties>
    <testcase classname="firefox.104_0_1.windows.Hurt_Me_Plenty" name="before all hook for Hurt Me Plenty" time="12.34">
      <failure/>
      <error message="data did not match any variant of untagged enum FrameId at line 1 column 2982"/>
      <system-err><![CDATA[
invalid argument: data did not match any variant of untagged enum FrameId at line 1 column 2982
    at getErrorFromResponseBody (E:\eLearn\Automated-Testing-Basics-in-JavaScript-2.0-Stage-2\Framework-Practical-task\node_modules\webdriver\build\utils.js:198:12)
    at NodeJSRequest._request (E:\eLearn\Automated-Testing-Basics-in-JavaScript-2.0-Stage-2\Framework-Practical-task\node_modules\webdriver\build\request\index.js:166:60)
    at processTicksAndRejections (node:internal/process/task_queues:96:5)
    at async Browser.wrapCommandFn (E:\eLearn\Automated-Testing-Basics-in-JavaScript-2.0-Stage-2\Framework-Practical-task\node_modules\@wdio\utils\build\shim.js:137:29)
    at async PricingCalculator.goToFrames (E:\eLearn\Automated-Testing-Basics-in-JavaScript-2.0-Stage-2\Framework-Practical-task\test\pageobjects\pages\pricingCalculator.page.js:16:9)
    at async Context.<anonymous> (E:\eLearn\Automated-Testing-Basics-in-JavaScript-2.0-Stage-2\Framework-Practical-task\test\specs\e2e.spec.js:18:9)
]]></system-err>
    </testcase>
  </testsuite>
</testsuites>